<?xml version="1.0" encoding="UTF-8"?>
<testsuite xmlns:xsi="http://www.w3.org/2001/XMLSchema-instance" xsi:noNamespaceSchemaLocation="https://maven.apache.org/surefire/maven-surefire-plugin/xsd/surefire-test-report.xsd" version="3.0.2" name="uk.gov.companieshouse.docsapp.CompaniesControllerTests" time="2.461" tests="5" errors="2" skipped="0" failures="2">
  <properties>
[...]
</properties>
  <testcase name="postCorrectlyAddsCompany" classname="uk.gov.companieshouse.docsapp.CompaniesControllerTests" time="0.857">
    <system-out><![CDATA[15:31:32.556 [main] INFO org.springframework.test.context.support.AnnotationConfigContextLoaderUtils -- Could not detect default configuration classes for test class [uk.gov.companieshouse.docsapp.CompaniesControllerTests]: CompaniesControllerTests does not declare any static, non-private, non-final, nested classes annotated with @Configuration.
15:31:32.601 [main] INFO org.springframework.boot.test.context.SpringBootTestContextBootstrapper -- Found @SpringBootConfiguration uk.gov.companieshouse.docsapp.DocsAppApplication for test class uk.gov.companieshouse.docsapp.CompaniesControllerTests

  .   ____          _            __ _ _
 /\\ / ___'_ __ _ _(_)_ __  __ _ \ \ \ \
( ( )\___ | '_ | '_| | '_ \/ _` | \ \ \ \
 \\/  ___)| |_)| | | | | || (_| |  ) ) ) )
  '  |____| .__|_| |_|_| |_\__, | / / / /
 =========|_|==============|___/=/_/_/_/

 :: Spring Boot ::                (v3.4.1)

2025-02-04T15:31:32.756Z  INFO 67023 --- [           main] u.g.c.docsapp.CompaniesControllerTests   : Starting CompaniesControllerTests using Java 21.0.6 with PID 67023 (started by vschot in /Users/vschot/Downloads/ch-starter)
2025-02-04T15:31:32.757Z  INFO 67023 --- [           main] u.g.c.docsapp.CompaniesControllerTests   : No active profile set, falling back to 1 default profile: "default"
2025-02-04T15:31:32.927Z  INFO 67023 --- [           main] .s.d.r.c.RepositoryConfigurationDelegate : Bootstrapping Spring Data JPA repositories in DEFAULT mode.
2025-02-04T15:31:32.943Z  INFO 67023 --- [           main] .s.d.r.c.RepositoryConfigurationDelegate : Finished Spring Data repository scanning in 11 ms. Found 1 JPA repository interface.
2025-02-04T15:31:33.133Z  INFO 67023 --- [           main] com.zaxxer.hikari.HikariDataSource       : HikariPool-1 - Starting...
2025-02-04T15:31:33.199Z  INFO 67023 --- [           main] com.zaxxer.hikari.pool.HikariPool        : HikariPool-1 - Added connection conn0: url=jdbc:h2:mem:9111754c-cbb1-4ece-8846-6114e3c626f5 user=SA
2025-02-04T15:31:33.199Z  INFO 67023 --- [           main] com.zaxxer.hikari.HikariDataSource       : HikariPool-1 - Start completed.
2025-02-04T15:31:33.222Z  INFO 67023 --- [           main] o.hibernate.jpa.internal.util.LogHelper  : HHH000204: Processing PersistenceUnitInfo [name: default]
2025-02-04T15:31:33.254Z  INFO 67023 --- [           main] org.hibernate.Version                    : HHH000412: Hibernate ORM core version 6.6.4.Final
2025-02-04T15:31:33.268Z  INFO 67023 --- [           main] o.h.c.internal.RegionFactoryInitiator    : HHH000026: Second-level cache disabled
2025-02-04T15:31:33.368Z  INFO 67023 --- [           main] o.s.o.j.p.SpringPersistenceUnitInfo      : No LoadTimeWeaver setup: ignoring JPA class transformer
2025-02-04T15:31:33.397Z  INFO 67023 --- [           main] org.hibernate.orm.connections.pooling    : HHH10001005: Database info:
	Database JDBC URL [Connecting through datasource 'HikariDataSource (HikariPool-1)']
	Database driver: undefined/unknown
	Database version: 2.3.232
	Autocommit mode: undefined/unknown
	Isolation level: undefined/unknown
	Minimum pool size: undefined/unknown
	Maximum pool size: undefined/unknown
2025-02-04T15:31:33.709Z  INFO 67023 --- [           main] o.h.e.t.j.p.i.JtaPlatformInitiator       : HHH000489: No JTA platform available (set 'hibernate.transaction.jta.platform' to enable JTA platform integration)
2025-02-04T15:31:33.728Z  INFO 67023 --- [           main] j.LocalContainerEntityManagerFactoryBean : Initialized JPA EntityManagerFactory for persistence unit 'default'
2025-02-04T15:31:33.893Z  WARN 67023 --- [           main] JpaBaseConfiguration$JpaWebConfiguration : spring.jpa.open-in-view is enabled by default. Therefore, database queries may be performed during view rendering. Explicitly configure spring.jpa.open-in-view to disable this warning
2025-02-04T15:31:34.018Z  INFO 67023 --- [           main] o.s.b.t.m.w.SpringBootMockServletContext : Initializing Spring TestDispatcherServlet ''
2025-02-04T15:31:34.018Z  INFO 67023 --- [           main] o.s.t.web.servlet.TestDispatcherServlet  : Initializing Servlet ''
2025-02-04T15:31:34.019Z  INFO 67023 --- [           main] o.s.t.web.servlet.TestDispatcherServlet  : Completed initialization in 1 ms
2025-02-04T15:31:34.030Z  INFO 67023 --- [           main] u.g.c.docsapp.CompaniesControllerTests   : Started CompaniesControllerTests in 1.383 seconds (process running for 2.085)
]]></system-out>
    <system-err><![CDATA[Mockito is currently self-attaching to enable the inline-mock-maker. This will no longer work in future releases of the JDK. Please add Mockito as an agent to your build what is described in Mockito's documentation: https://javadoc.io/doc/org.mockito/mockito-core/latest/org/mockito/Mockito.html#0.3
WARNING: A Java agent has been loaded dynamically (/Users/vschot/.m2/repository/net/bytebuddy/byte-buddy-agent/1.15.11/byte-buddy-agent-1.15.11.jar)
WARNING: If a serviceability tool is in use, please run with -XX:+EnableDynamicAgentLoading to hide this warning
WARNING: If a serviceability tool is not in use, please run with -Djdk.instrument.traceUsage for more information
WARNING: Dynamic loading of agents will be disallowed by default in a future release
]]></system-err>
  </testcase>
  <testcase name="putCorrectlyEditsCompany" classname="uk.gov.companieshouse.docsapp.CompaniesControllerTests" time="0.014">
    <failure message="Status expected:&lt;200&gt; but was:&lt;400&gt;" type="java.lang.AssertionError"><![CDATA[java.lang.AssertionError: Status expected:<200> but was:<400>
	at org.springframework.test.util.AssertionErrors.fail(AssertionErrors.java:61)
	at org.springframework.test.util.AssertionErrors.assertEquals(AssertionErrors.java:128)
	at org.springframework.test.web.servlet.result.StatusResultMatchers.lambda$matcher$9(StatusResultMatchers.java:640)
	at org.springframework.test.web.servlet.MockMvc$1.andExpect(MockMvc.java:214)
	at uk.gov.companieshouse.docsapp.CompaniesControllerTests.putCorrectlyEditsCompany(CompaniesControllerTests.java:90)
	at java.base/java.lang.reflect.Method.invoke(Method.java:580)
	at java.base/java.util.ArrayList.forEach(ArrayList.java:1596)
	at java.base/java.util.ArrayList.forEach(ArrayList.java:1596)
]]></failure>
    <system-out><![CDATA[2025-02-04T15:31:34.901Z  WARN 67023 --- [           main] .w.s.m.s.DefaultHandlerExceptionResolver : Resolved [org.springframework.http.converter.HttpMessageNotReadableException: Required request body is missing: public org.springframework.http.ResponseEntity<uk.gov.companieshouse.docsapp.model.company.Company> uk.gov.companieshouse.docsapp.controllers.CompaniesController.updateCompany(java.lang.String,uk.gov.companieshouse.docsapp.model.company.Company)]

MockHttpServletRequest:
      HTTP Method = PUT
      Request URI = /companies/123456789
       Parameters = {}
          Headers = []
             Body = null
    Session Attrs = {}

Handler:
             Type = uk.gov.companieshouse.docsapp.controllers.CompaniesController
           Method = uk.gov.companieshouse.docsapp.controllers.CompaniesController#updateCompany(String, Company)

Async:
    Async started = false
     Async result = null

Resolved Exception:
             Type = org.springframework.http.converter.HttpMessageNotReadableException

ModelAndView:
        View name = null
             View = null
            Model = null

FlashMap:
       Attributes = null

MockHttpServletResponse:
           Status = 400
    Error message = null
          Headers = []
     Content type = null
             Body = 
    Forwarded URL = null
   Redirected URL = null
          Cookies = []

MockHttpServletRequest:
      HTTP Method = PUT
      Request URI = /companies/123456789
       Parameters = {}
          Headers = []
             Body = null
    Session Attrs = {}

Handler:
             Type = uk.gov.companieshouse.docsapp.controllers.CompaniesController
           Method = uk.gov.companieshouse.docsapp.controllers.CompaniesController#updateCompany(String, Company)

Async:
    Async started = false
     Async result = null

Resolved Exception:
             Type = org.springframework.http.converter.HttpMessageNotReadableException

ModelAndView:
        View name = null
             View = null
            Model = null

FlashMap:
       Attributes = null

MockHttpServletResponse:
           Status = 400
    Error message = null
          Headers = []
     Content type = null
             Body = 
    Forwarded URL = null
   Redirected URL = null
          Cookies = []
]]></system-out>
  </testcase>
  <testcase name="getSpecificCompanyReturnsCorrectCompany" classname="uk.gov.companieshouse.docsapp.CompaniesControllerTests" time="0.004">
    <error message="Request processing failed: java.lang.IllegalArgumentException: Company not found" type="jakarta.servlet.ServletException"><![CDATA[jakarta.servlet.ServletException: Request processing failed: java.lang.IllegalArgumentException: Company not found
	at org.springframework.web.servlet.FrameworkServlet.processRequest(FrameworkServlet.java:1022)
	at org.springframework.web.servlet.FrameworkServlet.doGet(FrameworkServlet.java:903)
	at jakarta.servlet.http.HttpServlet.service(HttpServlet.java:564)
	at org.springframework.web.servlet.FrameworkServlet.service(FrameworkServlet.java:885)
	at org.springframework.test.web.servlet.TestDispatcherServlet.service(TestDispatcherServlet.java:72)
	at jakarta.servlet.http.HttpServlet.service(HttpServlet.java:658)
	at org.springframework.mock.web.MockFilterChain$ServletFilterProxy.doFilter(MockFilterChain.java:165)
	at org.springframework.mock.web.MockFilterChain.doFilter(MockFilterChain.java:132)
	at org.springframework.web.filter.RequestContextFilter.doFilterInternal(RequestContextFilter.java:100)
	at org.springframework.web.filter.OncePerRequestFilter.doFilter(OncePerRequestFilter.java:116)
	at org.springframework.test.web.servlet.setup.MockMvcFilterDecorator.doFilter(MockMvcFilterDecorator.java:162)
	at org.springframework.mock.web.MockFilterChain.doFilter(MockFilterChain.java:132)
	at org.springframework.web.filter.FormContentFilter.doFilterInternal(FormContentFilter.java:93)
	at org.springframework.web.filter.OncePerRequestFilter.doFilter(OncePerRequestFilter.java:116)
	at org.springframework.test.web.servlet.setup.MockMvcFilterDecorator.doFilter(MockMvcFilterDecorator.java:162)
	at org.springframework.mock.web.MockFilterChain.doFilter(MockFilterChain.java:132)
	at org.springframework.web.filter.CharacterEncodingFilter.doFilterInternal(CharacterEncodingFilter.java:201)
	at org.springframework.web.filter.OncePerRequestFilter.doFilter(OncePerRequestFilter.java:116)
	at org.springframework.test.web.servlet.setup.MockMvcFilterDecorator.doFilter(MockMvcFilterDecorator.java:162)
	at org.springframework.mock.web.MockFilterChain.doFilter(MockFilterChain.java:132)
	at org.springframework.test.web.servlet.MockMvc.perform(MockMvc.java:201)
	at uk.gov.companieshouse.docsapp.CompaniesControllerTests.getSpecificCompanyReturnsCorrectCompany(CompaniesControllerTests.java:54)
	at java.base/java.lang.reflect.Method.invoke(Method.java:580)
	at java.base/java.util.ArrayList.forEach(ArrayList.java:1596)
	at java.base/java.util.ArrayList.forEach(ArrayList.java:1596)
Caused by: java.lang.IllegalArgumentException: Company not found
	at uk.gov.companieshouse.docsapp.dao.JpaCompanyRegistry.getCompany(JpaCompanyRegistry.java:55)
	at uk.gov.companieshouse.docsapp.controllers.CompaniesController.listCompany(CompaniesController.java:36)
	at java.base/jdk.internal.reflect.DirectMethodHandleAccessor.invoke(DirectMethodHandleAccessor.java:103)
	at java.base/java.lang.reflect.Method.invoke(Method.java:580)
	at org.springframework.web.method.support.InvocableHandlerMethod.doInvoke(InvocableHandlerMethod.java:257)
	at org.springframework.web.method.support.InvocableHandlerMethod.invokeForRequest(InvocableHandlerMethod.java:190)
	at org.springframework.web.servlet.mvc.method.annotation.ServletInvocableHandlerMethod.invokeAndHandle(ServletInvocableHandlerMethod.java:118)
	at org.springframework.web.servlet.mvc.method.annotation.RequestMappingHandlerAdapter.invokeHandlerMethod(RequestMappingHandlerAdapter.java:986)
	at org.springframework.web.servlet.mvc.method.annotation.RequestMappingHandlerAdapter.handleInternal(RequestMappingHandlerAdapter.java:891)
	at org.springframework.web.servlet.mvc.method.AbstractHandlerMethodAdapter.handle(AbstractHandlerMethodAdapter.java:87)
	at org.springframework.web.servlet.DispatcherServlet.doDispatch(DispatcherServlet.java:1088)
	at org.springframework.web.servlet.DispatcherServlet.doService(DispatcherServlet.java:978)
	at org.springframework.web.servlet.FrameworkServlet.processRequest(FrameworkServlet.java:1014)
	... 24 more
]]></error>
  </testcase>
  <testcase name="listCompaniesShouldReturnAllCompanies" classname="uk.gov.companieshouse.docsapp.CompaniesControllerTests" time="0.015">
    <failure message="[]: Expected 4 values but got 1" type="java.lang.AssertionError"><![CDATA[java.lang.AssertionError: []: Expected 4 values but got 1
	at org.springframework.test.json.JsonComparator.assertIsMatch(JsonComparator.java:50)
	at org.springframework.test.web.servlet.result.ContentResultMatchers.lambda$json$9(ContentResultMatchers.java:261)
	at org.springframework.test.web.servlet.MockMvc$1.andExpect(MockMvc.java:214)
	at uk.gov.companieshouse.docsapp.CompaniesControllerTests.listCompaniesShouldReturnAllCompanies(CompaniesControllerTests.java:47)
	at java.base/java.lang.reflect.Method.invoke(Method.java:580)
	at java.base/java.util.ArrayList.forEach(ArrayList.java:1596)
	at java.base/java.util.ArrayList.forEach(ArrayList.java:1596)
]]></failure>
    <system-out><![CDATA[
MockHttpServletRequest:
      HTTP Method = GET
      Request URI = /companies
       Parameters = {}
          Headers = []
             Body = null
    Session Attrs = {}

Handler:
             Type = uk.gov.companieshouse.docsapp.controllers.CompaniesController
           Method = uk.gov.companieshouse.docsapp.controllers.CompaniesController#listCompanies(String, Integer, Boolean, Type, Sort)

Async:
    Async started = false
     Async result = null

Resolved Exception:
             Type = null

ModelAndView:
        View name = null
             View = null
            Model = null

FlashMap:
       Attributes = null

MockHttpServletResponse:
           Status = 200
    Error message = null
          Headers = [Content-Type:"application/json"]
     Content type = application/json
             Body = [{"type":"LTD","companyName":"Vico Ltd","registrationNumber":"1905640091","registeredAddress":null,"active":true,"incorporatedOn":"2025-02-04","numberOfShares":0,"public":false}]
    Forwarded URL = null
   Redirected URL = null
          Cookies = []

MockHttpServletRequest:
      HTTP Method = GET
      Request URI = /companies
       Parameters = {}
          Headers = []
             Body = null
    Session Attrs = {}

Handler:
             Type = uk.gov.companieshouse.docsapp.controllers.CompaniesController
           Method = uk.gov.companieshouse.docsapp.controllers.CompaniesController#listCompanies(String, Integer, Boolean, Type, Sort)

Async:
    Async started = false
     Async result = null

Resolved Exception:
             Type = null

ModelAndView:
        View name = null
             View = null
            Model = null

FlashMap:
       Attributes = null

MockHttpServletResponse:
           Status = 200
    Error message = null
          Headers = [Content-Type:"application/json"]
     Content type = application/json
             Body = [{"type":"LTD","companyName":"Vico Ltd","registrationNumber":"1905640091","registeredAddress":null,"active":true,"incorporatedOn":"2025-02-04","numberOfShares":0,"public":false}]
    Forwarded URL = null
   Redirected URL = null
          Cookies = []
]]></system-out>
  </testcase>
  <testcase name="deleteCompany" classname="uk.gov.companieshouse.docsapp.CompaniesControllerTests" time="0.003">
    <error message="Request processing failed: java.lang.IllegalArgumentException: Company not found" type="jakarta.servlet.ServletException"><![CDATA[jakarta.servlet.ServletException: Request processing failed: java.lang.IllegalArgumentException: Company not found
	at org.springframework.web.servlet.FrameworkServlet.processRequest(FrameworkServlet.java:1022)
	at org.springframework.web.servlet.FrameworkServlet.doDelete(FrameworkServlet.java:936)
	at jakarta.servlet.http.HttpServlet.service(HttpServlet.java:596)
	at org.springframework.web.servlet.FrameworkServlet.service(FrameworkServlet.java:885)
	at org.springframework.test.web.servlet.TestDispatcherServlet.service(TestDispatcherServlet.java:72)
	at jakarta.servlet.http.HttpServlet.service(HttpServlet.java:658)
	at org.springframework.mock.web.MockFilterChain$ServletFilterProxy.doFilter(MockFilterChain.java:165)
	at org.springframework.mock.web.MockFilterChain.doFilter(MockFilterChain.java:132)
	at org.springframework.web.filter.RequestContextFilter.doFilterInternal(RequestContextFilter.java:100)
	at org.springframework.web.filter.OncePerRequestFilter.doFilter(OncePerRequestFilter.java:116)
	at org.springframework.test.web.servlet.setup.MockMvcFilterDecorator.doFilter(MockMvcFilterDecorator.java:162)
	at org.springframework.mock.web.MockFilterChain.doFilter(MockFilterChain.java:132)
	at org.springframework.web.filter.FormContentFilter.doFilterInternal(FormContentFilter.java:93)
	at org.springframework.web.filter.OncePerRequestFilter.doFilter(OncePerRequestFilter.java:116)
	at org.springframework.test.web.servlet.setup.MockMvcFilterDecorator.doFilter(MockMvcFilterDecorator.java:162)
	at org.springframework.mock.web.MockFilterChain.doFilter(MockFilterChain.java:132)
	at org.springframework.web.filter.CharacterEncodingFilter.doFilterInternal(CharacterEncodingFilter.java:201)
	at org.springframework.web.filter.OncePerRequestFilter.doFilter(OncePerRequestFilter.java:116)
	at org.springframework.test.web.servlet.setup.MockMvcFilterDecorator.doFilter(MockMvcFilterDecorator.java:162)
	at org.springframework.mock.web.MockFilterChain.doFilter(MockFilterChain.java:132)
	at org.springframework.test.web.servlet.MockMvc.perform(MockMvc.java:201)
	at uk.gov.companieshouse.docsapp.CompaniesControllerTests.deleteCompany(CompaniesControllerTests.java:67)
	at java.base/java.lang.reflect.Method.invoke(Method.java:580)
	at java.base/java.util.ArrayList.forEach(ArrayList.java:1596)
	at java.base/java.util.ArrayList.forEach(ArrayList.java:1596)
Caused by: java.lang.IllegalArgumentException: Company not found
	at uk.gov.companieshouse.docsapp.dao.JpaCompanyRegistry.deleteCompany(JpaCompanyRegistry.java:63)
	at uk.gov.companieshouse.docsapp.controllers.CompaniesController.deleteCompany(CompaniesController.java:69)
	at java.base/jdk.internal.reflect.DirectMethodHandleAccessor.invoke(DirectMethodHandleAccessor.java:103)
	at java.base/java.lang.reflect.Method.invoke(Method.java:580)
	at org.springframework.web.method.support.InvocableHandlerMethod.doInvoke(InvocableHandlerMethod.java:257)
	at org.springframework.web.method.support.InvocableHandlerMethod.invokeForRequest(InvocableHandlerMethod.java:190)
	at org.springframework.web.servlet.mvc.method.annotation.ServletInvocableHandlerMethod.invokeAndHandle(ServletInvocableHandlerMethod.java:118)
	at org.springframework.web.servlet.mvc.method.annotation.RequestMappingHandlerAdapter.invokeHandlerMethod(RequestMappingHandlerAdapter.java:986)
	at org.springframework.web.servlet.mvc.method.annotation.RequestMappingHandlerAdapter.handleInternal(RequestMappingHandlerAdapter.java:891)
	at org.springframework.web.servlet.mvc.method.AbstractHandlerMethodAdapter.handle(AbstractHandlerMethodAdapter.java:87)
	at org.springframework.web.servlet.DispatcherServlet.doDispatch(DispatcherServlet.java:1088)
	at org.springframework.web.servlet.DispatcherServlet.doService(DispatcherServlet.java:978)
	at org.springframework.web.servlet.FrameworkServlet.processRequest(FrameworkServlet.java:1014)
	... 24 more
]]></error>
  </testcase>
</testsuite>